0xfd
0xfc
0x1
[07:02:17] <<< 0x01: Login Request 
Data: {'not_used': 0, 'entity_id': 8988969, 'difficulty': 3, 'game_mode': 0, 'max_players': 60, 'level_type': u'default', 'dimension': 0}
0x68
[07:02:17] <<< 0x68: Set Window Items 
Data: {'data': [{'id': -1}, {'id': -1}, {'id': -1}, {'id': -1}, {'id': -1}, {'amount': 1, 'id': 310, 'enchantments': <TAG_Compound(u'') at 0x7f6c2788d110>, 'damage': 55}, {'amount': 1, 'id': 311, 'enchantments': <TAG_Compound(u'') at 0x7f6c2788d1d0>, 'damage': 55}, {'amount': 1, 'id': 312, 'enchantments': <TAG_Compound(u'') at 0x7f6c2788d350>, 'damage': 55}, {'amount': 1, 'id': 313, 'enchantments': <TAG_Compound(u'') at 0x7f6c2788d490>, 'damage': 54}, {'amount': 2, 'id': 49, 'damage': 0}, {'id': -1}, {'amount': 64, 'id': 369, 'damage': 0}, {'amount': 35, 'id': 42, 'damage': 0}, {'amount': 1, 'id': 373, 'damage': 8229}, {'id': -1}, {'amount': 64, 'id': 369, 'damage': 0}, {'amount': 1, 'id': 326, 'damage': 0}, {'amount': 1, 'id': 373, 'damage': 8270}, {'amount': 1, 'id': 328, 'damage': 0}, {'id': -1}, {'amount': 1, 'id': 261, 'enchantments': <TAG_Compound(u'') at 0x7f6c2788d5d0>, 'damage': 48}, {'id': -1}, {'amount': 1, 'id': 373, 'damage': 16428}, {'amount': 1, 'id': 373, 'damage': 16421}, {'amount': 1, 'id': 373, 'damage': 8229}, {'amount': 1, 'id': 373, 'damage': 8259}, {'amount': 4, 'id': 368, 'damage': 0}, {'amount': 64, 'id': 391, 'damage': 0}, {'amount': 28, 'id': 392, 'damage': 0}, {'amount': 1, 'id': 261, 'enchantments': <TAG_Compound(u'') at 0x7f6c2788d710>, 'damage': 11}, {'amount': 5, 'id': 384, 'damage': 0}, {'amount': 1, 'id': 373, 'damage': 8200}, {'amount': 1, 'id': 373, 'damage': 8229}, {'amount': 1, 'id': 373, 'damage': 8265}, {'amount': 64, 'id': 369, 'damage': 0}, {'amount': 1, 'id': 279, 'enchantments': <TAG_Compound(u'') at 0x7f6c2788d850>, 'damage': 5}, {'amount': 1, 'id': 276, 'enchantments': <TAG_Compound(u'') at 0x7f6c2788d990>, 'damage': 203}, {'id': -1}, {'amount': 1, 'id': 278, 'enchantments': <TAG_Compound(u'') at 0x7f6c2788dad0>, 'damage': 72}, {'amount': 41, 'id': 393, 'damage': 0}, {'id': -1}, {'amount': 1, 'id': 356, 'damage': 0}, {'amount': 1, 'id': 373, 'damage': 16428}, {'amount': 6, 'id': 265, 'damage': 0}, {'amount': 16, 'id': 368, 'damage': 0}], 'window_id': 0}
0x67
[07:02:17] <<< 0x67: Set Slot 
Data: {'slot': -1, 'slot_data': {'id': -1}, 'window_id': -1}
0x67
[07:02:17] <<< 0x67: Set Slot 
Data: {'slot': 0, 'slot_data': {'id': -1}, 'window_id': 0}
0x3
[07:02:17] <<< 0x03: Chat Message 
Data: {'text': u'\xa7f \xa7f \xa71 \xa70 \xa72 \xa74\xa7f \xa7f \xa74 \xa70 \xa79 \xa76\xa7f \xa7f \xa72 \xa70 \xa74 \xa78\xa73 \xa79 \xa72 \xa70 \xa70 \xa71\xa73 \xa79 \xa72 \xa70 \xa70 \xa72\xa73 \xa79 \xa72 \xa70 \xa70 \xa73\xa70\xa70\xa71\xa7f\xa7e\xa70\xa70\xa72\xa7f\xa7e\xa70\xa70\xa73\xa74\xa75\xa76\xa77\xa78\xa7f\xa7e\xa70\xa71\xa70\xa71\xa72\xa7f\xa7f\xa70\xa71\xa73\xa74\xa7f\xa7f\xa70\xa71\xa75\xa7f\xa7f\xa70\xa71\xa76\xa7f\xa7f\xa70\xa71\xa78\xa79\xa7a\xa7b\xa7f\xa7f\xa70\xa71\xa77\xa7f\xa7f'}
0xc9
[07:02:17] <<< 0xc9: Player List Item 
Data: {'ping': 1000, 'player_name': u'nickelpro', 'online': True}
0xc9
[07:02:17] <<< 0xc9: Player List Item 
Data: {'ping': 34, 'player_name': u'haro234', 'online': True}
0xc9
[07:02:17] <<< 0xc9: Player List Item 
Data: {'ping': 156, 'player_name': u'h311_hound', 'online': True}
0xc9
[07:02:17] <<< 0xc9: Player List Item 
Data: {'ping': 461, 'player_name': u'chis_vstimallen', 'online': True}
0xc9
[07:02:17] <<< 0xc9: Player List Item 
Data: {'ping': 569, 'player_name': u'Scythe_001', 'online': True}
0xc9
[07:02:17] <<< 0xc9: Player List Item 
Data: {'ping': 184, 'player_name': u'Ian_mac', 'online': True}
0xc9
[07:02:17] <<< 0xc9: Player List Item 
Data: {'ping': 230, 'player_name': u'firedart118', 'online': True}
0xc9
[07:02:17] <<< 0xc9: Player List Item 
Data: {'ping': 268, 'player_name': u'squeenix', 'online': True}
0xc9
[07:02:17] <<< 0xc9: Player List Item 
Data: {'ping': 164, 'player_name': u'Sanctusorium', 'online': True}
0xc9
[07:02:17] <<< 0xc9: Player List Item 
Data: {'ping': 548, 'player_name': u'Sarzam', 'online': True}
0xc9
[07:02:17] <<< 0xc9: Player List Item 
Data: {'ping': 53, 'player_name': u'DonVlinar', 'online': True}
0xc9
[07:02:17] <<< 0xc9: Player List Item 
Data: {'ping': 235, 'player_name': u'purplefudge07', 'online': True}
0xc9
[07:02:17] <<< 0xc9: Player List Item 
Data: {'ping': 356, 'player_name': u'WBcool', 'online': True}
0xc9
[07:02:17] <<< 0xc9: Player List Item 
Data: {'ping': 43, 'player_name': u'Peqtastic', 'online': True}
0xc9
[07:02:17] <<< 0xc9: Player List Item 
Data: {'ping': 207, 'player_name': u'zysiks', 'online': True}
0xc9
[07:02:17] <<< 0xc9: Player List Item 
Data: {'ping': 180, 'player_name': u'Ssilver', 'online': True}
0xc9
[07:02:17] <<< 0xc9: Player List Item 
Data: {'ping': 227, 'player_name': u'dydomite', 'online': True}
0xc9
[07:02:17] <<< 0xc9: Player List Item 
Data: {'ping': 216, 'player_name': u'ThePoto', 'online': True}
0xc9
[07:02:17] <<< 0xc9: Player List Item 
Data: {'ping': 501, 'player_name': u'EpohEdaw', 'online': True}
0xc9
[07:02:17] <<< 0xc9: Player List Item 
Data: {'ping': 210, 'player_name': u'F_D_ARRGH', 'online': True}
0xc9
[07:02:17] <<< 0xc9: Player List Item 
Data: {'ping': 265, 'player_name': u'Pipebillys', 'online': True}
0xc9
[07:02:17] <<< 0xc9: Player List Item 
Data: {'ping': 141, 'player_name': u'Frankenbutt', 'online': True}
0xc9
[07:02:17] <<< 0xc9: Player List Item 
Data: {'ping': 119, 'player_name': u'xenocidal', 'online': True}
0xc9
[07:02:17] <<< 0xc9: Player List Item 
Data: {'ping': 215, 'player_name': u'tehaleks', 'online': True}
0xc9
[07:02:17] <<< 0xc9: Player List Item 
Data: {'ping': 186, 'player_name': u'bigheadman', 'online': True}
0xc9
[07:02:17] <<< 0xc9: Player List Item 
Data: {'ping': 297, 'player_name': u'sleepless3nights', 'online': True}
0xc9
[07:02:17] <<< 0xc9: Player List Item 
Data: {'ping': 218, 'player_name': u'NikodemusNoctem', 'online': True}
0xc9
[07:02:17] <<< 0xc9: Player List Item 
Data: {'ping': 205, 'player_name': u'XxKeyMasterxX', 'online': True}
0xc9
[07:02:17] <<< 0xc9: Player List Item 
Data: {'ping': 131, 'player_name': u'downhillmojo', 'online': True}
0xc9
[07:02:17] <<< 0xc9: Player List Item 
Data: {'ping': 253, 'player_name': u'PeppermintPig', 'online': True}
0xc9
[07:02:17] <<< 0xc9: Player List Item 
Data: {'ping': 102, 'player_name': u'TopGuns235', 'online': True}
0xc9
[07:02:17] <<< 0xc9: Player List Item 
Data: {'ping': 131, 'player_name': u'sxwthzmbz', 'online': True}
0xc9
[07:02:17] <<< 0xc9: Player List Item 
Data: {'ping': 168, 'player_name': u'srb810', 'online': True}
0xc9
[07:02:17] <<< 0xc9: Player List Item 
Data: {'ping': 225, 'player_name': u'NJpalms', 'online': True}
0xc9
[07:02:17] <<< 0xc9: Player List Item 
Data: {'ping': 222, 'player_name': u'Capt_Neckbeard', 'online': True}
0xc9
[07:02:17] <<< 0xc9: Player List Item 
Data: {'ping': 372, 'player_name': u'Theodius', 'online': True}
0xc9
[07:02:17] <<< 0xc9: Player List Item 
Data: {'ping': 333, 'player_name': u'jodragen', 'online': True}
0xc9
[07:02:17] <<< 0xc9: Player List Item 
Data: {'ping': 126, 'player_name': u'Lovage', 'online': True}
0xc9
[07:02:17] <<< 0xc9: Player List Item 
Data: {'ping': 261, 'player_name': u'JJK2525', 'online': True}
0xc9
[07:02:17] <<< 0xc9: Player List Item 
Data: {'ping': 228, 'player_name': u'Dangerfrey', 'online': True}
0xc9
[07:02:17] <<< 0xc9: Player List Item 
Data: {'ping': 252, 'player_name': u'Mun573r', 'online': True}
0xc9
[07:02:17] <<< 0xc9: Player List Item 
Data: {'ping': 293, 'player_name': u'ryanamidon', 'online': True}
0xc9
[07:02:17] <<< 0xc9: Player List Item 
Data: {'ping': 155, 'player_name': u'ChronoTimes', 'online': True}
0xc9
[07:02:17] <<< 0xc9: Player List Item 
Data: {'ping': 345, 'player_name': u'Yami1214', 'online': True}
0xc9
[07:02:17] <<< 0xc9: Player List Item 
Data: {'ping': 681, 'player_name': u'Sami_Ghani', 'online': True}
0xc9
[07:02:17] <<< 0xc9: Player List Item 
Data: {'ping': 242, 'player_name': u'Apopalopalus', 'online': True}
0xc9
[07:02:17] <<< 0xc9: Player List Item 
Data: {'ping': 534, 'player_name': u'Jeffrai', 'online': True}
0xc9
[07:02:17] <<< 0xc9: Player List Item 
Data: {'ping': 270, 'player_name': u'aulste20', 'online': True}
0xc9
[07:02:17] <<< 0xc9: Player List Item 
Data: {'ping': 144, 'player_name': u'Positronic', 'online': True}
0xc9
[07:02:17] <<< 0xc9: Player List Item 
Data: {'ping': 102, 'player_name': u'bigbossbravo', 'online': True}
0xc9
[07:02:17] <<< 0xc9: Player List Item 
Data: {'ping': 156, 'player_name': u'evilltroll', 'online': True}
0xc9
[07:02:17] <<< 0xc9: Player List Item 
Data: {'ping': 183, 'player_name': u'TheNadir', 'online': True}
0xc9
[07:02:17] <<< 0xc9: Player List Item 
Data: {'ping': 507, 'player_name': u'MONKEY_LION', 'online': True}
0xc9
[07:02:17] <<< 0xc9: Player List Item 
Data: {'ping': 650, 'player_name': u'ScentTreeDown', 'online': True}
0xc9
[07:02:17] <<< 0xc9: Player List Item 
Data: {'ping': 110, 'player_name': u'Tyrone_White', 'online': True}
0xc9
[07:02:17] <<< 0xc9: Player List Item 
Data: {'ping': 201, 'player_name': u'darthcaldwell', 'online': True}
0xc9
[07:02:17] <<< 0xc9: Player List Item 
Data: {'ping': 614, 'player_name': u'TaylorKate', 'online': True}
0xc9
[07:02:17] <<< 0xc9: Player List Item 
Data: {'ping': 106, 'player_name': u'Curiousburger', 'online': True}
0xc9
[07:02:17] <<< 0xc9: Player List Item 
Data: {'ping': 57, 'player_name': u'pantostado1066', 'online': True}
0xc9
[07:02:17] <<< 0xc9: Player List Item 
Data: {'ping': 331, 'player_name': u'Mirakles', 'online': True}
0xc9
[07:02:17] <<< 0xc9: Player List Item 
Data: {'ping': 207, 'player_name': u'noClueWhatToDo', 'online': True}
0xc9
[07:02:17] <<< 0xc9: Player List Item 
Data: {'ping': 260, 'player_name': u'TheGuapo', 'online': True}
0xc9
[07:02:17] <<< 0xc9: Player List Item 
Data: {'ping': 165, 'player_name': u'joe2527', 'online': True}
0xc9
[07:02:17] <<< 0xc9: Player List Item 
Data: {'ping': 193, 'player_name': u'DJ_Wicked', 'online': True}
0xc9
[07:02:17] <<< 0xc9: Player List Item 
Data: {'ping': 201, 'player_name': u'gawdmode', 'online': True}
0xc9
[07:02:17] <<< 0xc9: Player List Item 
Data: {'ping': 158, 'player_name': u'Mrs_Bastiat', 'online': True}
0xc9
[07:02:17] <<< 0xc9: Player List Item 
Data: {'ping': 217, 'player_name': u'gatesmcfaddn', 'online': True}
0xc9
[07:02:17] <<< 0xc9: Player List Item 
Data: {'ping': 72, 'player_name': u'Battlehero123', 'online': True}
0xc9
[07:02:17] <<< 0xc9: Player List Item 
Data: {'ping': 84, 'player_name': u'smmdz', 'online': True}
0xc9
[07:02:17] <<< 0xc9: Player List Item 
Data: {'ping': 219, 'player_name': u'brahaney', 'online': True}
0xc9
[07:02:17] <<< 0xc9: Player List Item 
Data: {'ping': 90, 'player_name': u'Avalokitesvara', 'online': True}
0xc9
[07:02:17] <<< 0xc9: Player List Item 
Data: {'ping': 368, 'player_name': u'Shadowcon', 'online': True}
0xc9
[07:02:17] <<< 0xc9: Player List Item 
Data: {'ping': 0, 'player_name': u'nickelpro', 'online': True}
0x35
[07:02:17] <<< 0x35: Block Change 
Data: {'y': 0, 'x': 2705, 'z': 12029, 'id': 7, 'metadata': 0}
0x35
[07:02:17] <<< 0x35: Block Change 
Data: {'y': 1, 'x': 2705, 'z': 12029, 'id': 7, 'metadata': 0}
0x35
[07:02:17] <<< 0x35: Block Change 
Data: {'y': 2, 'x': 2705, 'z': 12029, 'id': 7, 'metadata': 0}
0x35
[07:02:17] <<< 0x35: Block Change 
Data: {'y': 3, 'x': 2705, 'z': 12029, 'id': 1, 'metadata': 0}
0x35
[07:02:17] <<< 0x35: Block Change 
Data: {'y': 4, 'x': 2705, 'z': 12029, 'id': 1, 'metadata': 0}
0x35
[07:02:17] <<< 0x35: Block Change 
Data: {'y': 5, 'x': 2705, 'z': 12029, 'id': 1, 'metadata': 0}
0x35
[07:02:17] <<< 0x35: Block Change 
Data: {'y': 6, 'x': 2705, 'z': 12029, 'id': 1, 'metadata': 0}
0x35
[07:02:17] <<< 0x35: Block Change 
Data: {'y': 7, 'x': 2705, 'z': 12029, 'id': 1, 'metadata': 0}
0x35
[07:02:17] <<< 0x35: Block Change 
Data: {'y': 8, 'x': 2705, 'z': 12029, 'id': 1, 'metadata': 0}
0x35
[07:02:17] <<< 0x35: Block Change 
Data: {'y': 9, 'x': 2705, 'z': 12029, 'id': 1, 'metadata': 0}
0x35
[07:02:17] <<< 0x35: Block Change 
Data: {'y': 10, 'x': 2705, 'z': 12029, 'id': 1, 'metadata': 0}
0x35
[07:02:17] <<< 0x35: Block Change 
Data: {'y': 11, 'x': 2705, 'z': 12029, 'id': 1, 'metadata': 0}
0x35
[07:02:17] <<< 0x35: Block Change 
Data: {'y': 12, 'x': 2705, 'z': 12029, 'id': 1, 'metadata': 0}
0x35
[07:02:17] <<< 0x35: Block Change 
Data: {'y': 13, 'x': 2705, 'z': 12029, 'id': 1, 'metadata': 0}
0x35
[07:02:17] <<< 0x35: Block Change 
Data: {'y': 14, 'x': 2705, 'z': 12029, 'id': 1, 'metadata': 0}
0x35
[07:02:17] <<< 0x35: Block Change 
Data: {'y': 15, 'x': 2705, 'z': 12029, 'id': 1, 'metadata': 0}
0x35
[07:02:17] <<< 0x35: Block Change 
Data: {'y': 16, 'x': 2705, 'z': 12029, 'id': 1, 'metadata': 0}
0x35
[07:02:17] <<< 0x35: Block Change 
Data: {'y': 17, 'x': 2705, 'z': 12029, 'id': 1, 'metadata': 0}
0x35
[07:02:17] <<< 0x35: Block Change 
Data: {'y': 18, 'x': 2705, 'z': 12029, 'id': 1, 'metadata': 0}
0x35
[07:02:17] <<< 0x35: Block Change 
Data: {'y': 19, 'x': 2705, 'z': 12029, 'id': 1, 'metadata': 0}
0x35
[07:02:17] <<< 0x35: Block Change 
Data: {'y': 20, 'x': 2705, 'z': 12029, 'id': 1, 'metadata': 0}
0x35
[07:02:17] <<< 0x35: Block Change 
Data: {'y': 21, 'x': 2705, 'z': 12029, 'id': 9, 'metadata': 2}
0x35
[07:02:17] <<< 0x35: Block Change 
Data: {'y': 22, 'x': 2705, 'z': 12029, 'id': 0, 'metadata': 0}
0x35
[07:02:17] <<< 0x35: Block Change 
Data: {'y': 23, 'x': 2705, 'z': 12029, 'id': 0, 'metadata': 0}
0x35
[07:02:17] <<< 0x35: Block Change 
Data: {'y': 24, 'x': 2705, 'z': 12029, 'id': 1, 'metadata': 0}
0x35
[07:02:17] <<< 0x35: Block Change 
Data: {'y': 25, 'x': 2705, 'z': 12029, 'id': 0, 'metadata': 0}
0x35
[07:02:17] <<< 0x35: Block Change 
Data: {'y': 26, 'x': 2705, 'z': 12029, 'id': 0, 'metadata': 0}
0x35
[07:02:17] <<< 0x35: Block Change 
Data: {'y': 27, 'x': 2705, 'z': 12029, 'id': 0, 'metadata': 0}
0x35
[07:02:17] <<< 0x35: Block Change 
Data: {'y': 28, 'x': 2705, 'z': 12029, 'id': 1, 'metadata': 0}
0x35
[07:02:17] <<< 0x35: Block Change 
Data: {'y': 29, 'x': 2705, 'z': 12029, 'id': 1, 'metadata': 0}
0x35
[07:02:17] <<< 0x35: Block Change 
Data: {'y': 30, 'x': 2705, 'z': 12029, 'id': 1, 'metadata': 0}
0x35
[07:02:17] <<< 0x35: Block Change 
Data: {'y': 31, 'x': 2705, 'z': 12029, 'id': 1, 'metadata': 0}
0x35
[07:02:17] <<< 0x35: Block Change 
Data: {'y': 32, 'x': 2705, 'z': 12029, 'id': 0, 'metadata': 0}
0x35
[07:02:17] <<< 0x35: Block Change 
Data: {'y': 33, 'x': 2705, 'z': 12029, 'id': 0, 'metadata': 0}
0x35
[07:02:17] <<< 0x35: Block Change 
Data: {'y': 34, 'x': 2705, 'z': 12029, 'id': 0, 'metadata': 0}
0x35
[07:02:17] <<< 0x35: Block Change 
Data: {'y': 35, 'x': 2705, 'z': 12029, 'id': 1, 'metadata': 0}
0x35
[07:02:17] <<< 0x35: Block Change 
Data: {'y': 36, 'x': 2705, 'z': 12029, 'id': 0, 'metadata': 0}
0x35
[07:02:17] <<< 0x35: Block Change 
Data: {'y': 37, 'x': 2705, 'z': 12029, 'id': 0, 'metadata': 0}
0x35
[07:02:17] <<< 0x35: Block Change 
Data: {'y': 38, 'x': 2705, 'z': 12029, 'id': 1, 'metadata': 0}
0x35
[07:02:17] <<< 0x35: Block Change 
Data: {'y': 39, 'x': 2705, 'z': 12029, 'id': 1, 'metadata': 0}
0x35
[07:02:17] <<< 0x35: Block Change 
Data: {'y': 40, 'x': 2705, 'z': 12029, 'id': 1, 'metadata': 0}
0x35
[07:02:17] <<< 0x35: Block Change 
Data: {'y': 41, 'x': 2705, 'z': 12029, 'id': 1, 'metadata': 0}
0x35
[07:02:17] <<< 0x35: Block Change 
Data: {'y': 42, 'x': 2705, 'z': 12029, 'id': 1, 'metadata': 0}
0x35
[07:02:17] <<< 0x35: Block Change 
Data: {'y': 43, 'x': 2705, 'z': 12029, 'id': 1, 'metadata': 0}
0x35
[07:02:17] <<< 0x35: Block Change 
Data: {'y': 44, 'x': 2705, 'z': 12029, 'id': 1, 'metadata': 0}
0x35
[07:02:17] <<< 0x35: Block Change 
Data: {'y': 45, 'x': 2705, 'z': 12029, 'id': 1, 'metadata': 0}
0x35
[07:02:17] <<< 0x35: Block Change 
Data: {'y': 46, 'x': 2705, 'z': 12029, 'id': 1, 'metadata': 0}
0x35
[07:02:17] <<< 0x35: Block Change 
Data: {'y': 47, 'x': 2705, 'z': 12029, 'id': 1, 'metadata': 0}
0x35
[07:02:18] <<< 0x35: Block Change 
Data: {'y': 48, 'x': 2705, 'z': 12029, 'id': 1, 'metadata': 0}
0x35
[07:02:18] <<< 0x35: Block Change 
Data: {'y': 49, 'x': 2705, 'z': 12029, 'id': 1, 'metadata': 0}
0x35
[07:02:18] <<< 0x35: Block Change 
Data: {'y': 50, 'x': 2705, 'z': 12029, 'id': 1, 'metadata': 0}
0x35
[07:02:18] <<< 0x35: Block Change 
Data: {'y': 51, 'x': 2705, 'z': 12029, 'id': 1, 'metadata': 0}
0x35
[07:02:18] <<< 0x35: Block Change 
Data: {'y': 52, 'x': 2705, 'z': 12029, 'id': 1, 'metadata': 0}
0x35
[07:02:18] <<< 0x35: Block Change 
Data: {'y': 53, 'x': 2705, 'z': 12029, 'id': 1, 'metadata': 0}
0x35
[07:02:18] <<< 0x35: Block Change 
Data: {'y': 54, 'x': 2705, 'z': 12029, 'id': 0, 'metadata': 0}
0x35
[07:02:19] <<< 0x35: Block Change 
Data: {'y': 55, 'x': 2705, 'z': 12029, 'id': 0, 'metadata': 0}
0x35
[07:02:19] <<< 0x35: Block Change 
Data: {'y': 56, 'x': 2705, 'z': 12029, 'id': 0, 'metadata': 0}
0x35
[07:02:19] <<< 0x35: Block Change 
Data: {'y': 57, 'x': 2705, 'z': 12029, 'id': 0, 'metadata': 0}
0x35
[07:02:19] <<< 0x35: Block Change 
Data: {'y': 58, 'x': 2705, 'z': 12029, 'id': 1, 'metadata': 0}
0x35
[07:02:19] <<< 0x35: Block Change 
Data: {'y': 59, 'x': 2705, 'z': 12029, 'id': 3, 'metadata': 0}
0x35
[07:02:19] <<< 0x35: Block Change 
Data: {'y': 60, 'x': 2705, 'z': 12029, 'id': 3, 'metadata': 0}
0x35
[07:02:19] <<< 0x35: Block Change 
Data: {'y': 61, 'x': 2705, 'z': 12029, 'id': 3, 'metadata': 0}
0x35
[07:02:19] <<< 0x35: Block Change 
Data: {'y': 62, 'x': 2705, 'z': 12029, 'id': 3, 'metadata': 0}
0x35
[07:02:20] <<< 0x35: Block Change 
Data: {'y': 63, 'x': 2705, 'z': 12029, 'id': 1, 'metadata': 0}
0x35
[07:02:20] <<< 0x35: Block Change 
Data: {'y': 64, 'x': 2705, 'z': 12029, 'id': 1, 'metadata': 0}
0x35
[07:02:20] <<< 0x35: Block Change 
Data: {'y': 65, 'x': 2705, 'z': 12029, 'id': 1, 'metadata': 0}
0x35
[07:02:20] <<< 0x35: Block Change 
Data: {'y': 66, 'x': 2705, 'z': 12029, 'id': 1, 'metadata': 0}
0x35
[07:02:20] <<< 0x35: Block Change 
Data: {'y': 67, 'x': 2705, 'z': 12029, 'id': 1, 'metadata': 0}
0x35
[07:02:20] <<< 0x35: Block Change 
Data: {'y': 68, 'x': 2705, 'z': 12029, 'id': 2, 'metadata': 0}
0x35
[07:02:20] <<< 0x35: Block Change 
Data: {'y': 69, 'x': 2705, 'z': 12029, 'id': 0, 'metadata': 0}
0x35
[07:02:21] <<< 0x35: Block Change 
Data: {'y': 70, 'x': 2705, 'z': 12029, 'id': 0, 'metadata': 0}
0x35
[07:02:21] <<< 0x35: Block Change 
Data: {'y': 71, 'x': 2705, 'z': 12029, 'id': 0, 'metadata': 0}
0x35
[07:02:21] <<< 0x35: Block Change 
Data: {'y': 72, 'x': 2705, 'z': 12029, 'id': 0, 'metadata': 0}
0x35
[07:02:21] <<< 0x35: Block Change 
Data: {'y': 73, 'x': 2705, 'z': 12029, 'id': 0, 'metadata': 0}
0x35
[07:02:21] <<< 0x35: Block Change 
Data: {'y': 74, 'x': 2705, 'z': 12029, 'id': 0, 'metadata': 0}
0xd
[07:02:21] <<< 0x0d: Player Position and Look 
Data: {'on_ground': False, 'stance': 73.62000000476837, 'yaw': 326.98626708984375, 'pitch': 31.94986343383789, 'y': 72.0, 'x': 2705.102542440734, 'z': 12029.146100404709}
0x4
[07:02:21] <<< 0x04: Time Update 
Data: {'time': 399008350}
0x0
[07:02:21] <<< 0x00: Keep Alive 
Data: {'value': 23}
0xc8
[07:02:21] <<< 0xc8: Increment Statistic 
Data: {'statistic_id': 1650354176, 'amount': 0}
0x2d
